2014-08-22 16:28:55,022 : INFO : adding document #0 to Dictionary(0 unique tokens: [])
2014-08-22 16:28:56,093 : INFO : adding document #10000 to Dictionary(22373 unique tokens: [u'(photos)', u'sowell', u'http://t.co/grg1m2alxd', u'hanging', u'localized']...)
2014-08-22 16:28:57,022 : INFO : adding document #20000 to Dictionary(38236 unique tokens: [u'represent..', u'(photos)', u'sowell', u'cesse', u'http://t.co/grg1m2alxd']...)
2014-08-22 16:28:57,984 : INFO : adding document #30000 to Dictionary(52475 unique tokens: [u'https://t.co/c5r7bwuyfg', u'represent..', u'(photos)', u'sowell', u'gt3s.']...)
2014-08-22 16:28:58,940 : INFO : adding document #40000 to Dictionary(65398 unique tokens: [u'https://t.co/c5r7bwuyfg', u'http://t.co/wra0wudevn', u'represent..', u'(photos)', u'sowell']...)
2014-08-22 16:28:59,927 : INFO : adding document #50000 to Dictionary(78201 unique tokens: [u'#sportsnews', u'https://t.co/c5r7bwuyfg', u'http://t.co/wra0wudevn', u'represent..', u'(photos)']...)
2014-08-22 16:29:00,411 : INFO : built Dictionary(83947 unique tokens: [u'#sportsnews', u'minefield.', u'https://t.co/c5r7bwuyfg', u'http://t.co/wra0wudevn', u'represent..']...) from 55102 documents (total 481466 corpus positions)
2014-08-22 16:29:00,411 : INFO : saving Dictionary object under /Users/nilayan/Project/data/ukraine.dict, separately None
2014-08-22 16:29:05,719 : INFO : collecting document frequencies
2014-08-22 16:29:05,719 : INFO : PROGRESS: processing document #0
2014-08-22 16:29:05,764 : INFO : PROGRESS: processing document #10000
2014-08-22 16:29:05,803 : INFO : PROGRESS: processing document #20000
2014-08-22 16:29:05,843 : INFO : PROGRESS: processing document #30000
2014-08-22 16:29:05,883 : INFO : PROGRESS: processing document #40000
2014-08-22 16:29:05,926 : INFO : PROGRESS: processing document #50000
2014-08-22 16:29:05,950 : INFO : calculating IDF weights for 55102 documents and 83946 features (472644 matrix non-zeros)
2014-08-22 16:29:06,036 : INFO : storing corpus in Matrix Market format to /Users/nilayan/Project/data/tweetcorpus.mm
2014-08-22 16:29:06,036 : INFO : saving sparse matrix to /Users/nilayan/Project/data/tweetcorpus.mm
2014-08-22 16:29:06,036 : INFO : PROGRESS: saving document #0
2014-08-22 16:29:06,162 : INFO : PROGRESS: saving document #1000
2014-08-22 16:29:06,275 : INFO : PROGRESS: saving document #2000
2014-08-22 16:29:06,392 : INFO : PROGRESS: saving document #3000
2014-08-22 16:29:06,537 : INFO : PROGRESS: saving document #4000
2014-08-22 16:29:06,665 : INFO : PROGRESS: saving document #5000
2014-08-22 16:29:06,795 : INFO : PROGRESS: saving document #6000
2014-08-22 16:29:06,939 : INFO : PROGRESS: saving document #7000
2014-08-22 16:29:07,083 : INFO : PROGRESS: saving document #8000
2014-08-22 16:29:07,215 : INFO : PROGRESS: saving document #9000
2014-08-22 16:29:07,348 : INFO : PROGRESS: saving document #10000
2014-08-22 16:29:07,477 : INFO : PROGRESS: saving document #11000
2014-08-22 16:29:07,595 : INFO : PROGRESS: saving document #12000
2014-08-22 16:29:07,716 : INFO : PROGRESS: saving document #13000
2014-08-22 16:29:07,836 : INFO : PROGRESS: saving document #14000
2014-08-22 16:29:07,961 : INFO : PROGRESS: saving document #15000
2014-08-22 16:29:08,088 : INFO : PROGRESS: saving document #16000
2014-08-22 16:29:08,204 : INFO : PROGRESS: saving document #17000
2014-08-22 16:29:08,312 : INFO : PROGRESS: saving document #18000
2014-08-22 16:29:08,416 : INFO : PROGRESS: saving document #19000
2014-08-22 16:29:08,530 : INFO : PROGRESS: saving document #20000
2014-08-22 16:29:08,647 : INFO : PROGRESS: saving document #21000
2014-08-22 16:29:08,767 : INFO : PROGRESS: saving document #22000
2014-08-22 16:29:08,893 : INFO : PROGRESS: saving document #23000
2014-08-22 16:29:09,009 : INFO : PROGRESS: saving document #24000
2014-08-22 16:29:09,133 : INFO : PROGRESS: saving document #25000
2014-08-22 16:29:09,254 : INFO : PROGRESS: saving document #26000
2014-08-22 16:29:09,698 : INFO : PROGRESS: saving document #27000
2014-08-22 16:29:09,946 : INFO : PROGRESS: saving document #28000
2014-08-22 16:29:10,269 : INFO : PROGRESS: saving document #29000
2014-08-22 16:29:10,399 : INFO : PROGRESS: saving document #30000
2014-08-22 16:29:10,526 : INFO : PROGRESS: saving document #31000
2014-08-22 16:29:10,638 : INFO : PROGRESS: saving document #32000
2014-08-22 16:29:10,756 : INFO : PROGRESS: saving document #33000
2014-08-22 16:29:10,875 : INFO : PROGRESS: saving document #34000
2014-08-22 16:29:10,991 : INFO : PROGRESS: saving document #35000
2014-08-22 16:29:11,112 : INFO : PROGRESS: saving document #36000
2014-08-22 16:29:11,237 : INFO : PROGRESS: saving document #37000
2014-08-22 16:29:11,363 : INFO : PROGRESS: saving document #38000
2014-08-22 16:29:11,501 : INFO : PROGRESS: saving document #39000
2014-08-22 16:29:11,624 : INFO : PROGRESS: saving document #40000
2014-08-22 16:29:11,743 : INFO : PROGRESS: saving document #41000
2014-08-22 16:29:11,864 : INFO : PROGRESS: saving document #42000
2014-08-22 16:29:11,983 : INFO : PROGRESS: saving document #43000
2014-08-22 16:29:12,101 : INFO : PROGRESS: saving document #44000
2014-08-22 16:29:12,230 : INFO : PROGRESS: saving document #45000
2014-08-22 16:29:12,342 : INFO : PROGRESS: saving document #46000
2014-08-22 16:29:12,474 : INFO : PROGRESS: saving document #47000
2014-08-22 16:29:12,601 : INFO : PROGRESS: saving document #48000
2014-08-22 16:29:12,723 : INFO : PROGRESS: saving document #49000
2014-08-22 16:29:12,837 : INFO : PROGRESS: saving document #50000
2014-08-22 16:29:12,950 : INFO : PROGRESS: saving document #51000
2014-08-22 16:29:13,069 : INFO : PROGRESS: saving document #52000
2014-08-22 16:29:13,185 : INFO : PROGRESS: saving document #53000
2014-08-22 16:29:13,304 : INFO : PROGRESS: saving document #54000
2014-08-22 16:29:13,422 : INFO : PROGRESS: saving document #55000
2014-08-22 16:29:13,443 : INFO : saved 55102x83947 matrix, density=0.010% (472644/4625647594)
2014-08-22 16:29:13,444 : INFO : saving MmCorpus index to /Users/nilayan/Project/data/tweetcorpus.mm.index
2014-08-22 16:29:13,477 : INFO : using serial LSI version on this node
2014-08-22 16:29:13,477 : INFO : updating model with new documents
2014-08-22 16:29:14,353 : INFO : preparing a new chunk of documents
2014-08-22 16:29:14,574 : INFO : using 100 extra samples and 2 power iterations
2014-08-22 16:29:14,575 : INFO : 1st phase: constructing (83947, 102) action matrix
2014-08-22 16:29:14,795 : INFO : orthonormalizing (83947, 102) action matrix
2014-08-22 16:29:22,241 : INFO : 2nd phase: running dense svd on (102, 20000) matrix
2014-08-22 16:29:23,797 : INFO : computing the final decomposition
2014-08-22 16:29:23,798 : INFO : keeping 2 factors (discarding 87.097% of energy spectrum)
2014-08-22 16:29:23,889 : INFO : processed documents up to #20000
2014-08-22 16:29:23,947 : INFO : topic #0(14.517): 0.432*"truce" + 0.262*"ends," + 0.259*"rises" + 0.238*"toll" + 0.235*"death" + 0.227*"phil" + 0.225*"cnn's" + 0.215*"falls" + 0.213*"black" + 0.212*"ends"
2014-08-22 16:29:23,953 : INFO : topic #1(14.358): -0.307*"bubka," + -0.303*"famous" + -0.300*"sergey" + -0.297*"sportsmen," + -0.295*"head:" + -0.294*"end:" + -0.281*"urged" + -0.280*"olympic" + -0.249*"end" + -0.238*"violence"
2014-08-22 16:29:24,930 : INFO : preparing a new chunk of documents
2014-08-22 16:29:25,148 : INFO : using 100 extra samples and 2 power iterations
2014-08-22 16:29:25,148 : INFO : 1st phase: constructing (83947, 102) action matrix
2014-08-22 16:29:25,385 : INFO : orthonormalizing (83947, 102) action matrix
2014-08-22 16:29:37,207 : INFO : 2nd phase: running dense svd on (102, 20000) matrix
2014-08-22 16:29:38,764 : INFO : computing the final decomposition
2014-08-22 16:29:38,764 : INFO : keeping 2 factors (discarding 92.207% of energy spectrum)
2014-08-22 16:29:38,844 : INFO : merging projections: (83947, 2) + (83947, 2)
2014-08-22 16:29:38,868 : INFO : keeping 2 factors (discarding 32.223% of energy spectrum)
2014-08-22 16:29:38,905 : INFO : processed documents up to #40000
2014-08-22 16:29:38,915 : INFO : topic #0(14.804): 0.416*"truce" + 0.245*"ends," + 0.243*"rises" + 0.229*"ukraine" + 0.227*"toll" + 0.227*"death" + 0.212*"phil" + 0.210*"cnn's" + 0.202*"falls" + 0.200*"black"
2014-08-22 16:29:38,923 : INFO : topic #1(14.358): 0.305*"bubka," + 0.300*"famous" + 0.298*"sergey" + 0.295*"sportsmen," + 0.292*"head:" + 0.292*"end:" + 0.279*"urged" + 0.278*"olympic" + 0.247*"end" + 0.236*"violence"
2014-08-22 16:29:39,559 : INFO : preparing a new chunk of documents
2014-08-22 16:29:39,718 : INFO : using 100 extra samples and 2 power iterations
2014-08-22 16:29:39,718 : INFO : 1st phase: constructing (83947, 102) action matrix
2014-08-22 16:29:39,912 : INFO : orthonormalizing (83947, 102) action matrix
2014-08-22 16:29:54,871 : INFO : 2nd phase: running dense svd on (102, 15102) matrix
2014-08-22 16:29:55,945 : INFO : computing the final decomposition
2014-08-22 16:29:55,946 : INFO : keeping 2 factors (discarding 92.975% of energy spectrum)
2014-08-22 16:29:56,028 : INFO : merging projections: (83947, 2) + (83947, 2)
2014-08-22 16:29:56,050 : INFO : keeping 2 factors (discarding 24.516% of energy spectrum)
2014-08-22 16:29:56,088 : INFO : processed documents up to #55102
2014-08-22 16:29:56,097 : INFO : topic #0(15.367): 0.391*"truce" + 0.341*"ukraine" + 0.227*"death" + 0.226*"toll" + 0.225*"rises" + 0.224*"ends," + 0.194*"phil" + 0.193*"cnn's" + 0.185*"falls" + 0.183*"black"
2014-08-22 16:29:56,106 : INFO : topic #1(14.358): 0.305*"bubka," + 0.301*"famous" + 0.298*"sergey" + 0.295*"sportsmen," + 0.293*"head:" + 0.292*"end:" + 0.279*"urged" + 0.278*"olympic" + 0.248*"end" + 0.237*"violence"
